<?xml version="1.0" encoding="UTF-8"?>
<!-- Generated by org.testng.reporters.JUnitXMLReporter -->
<testsuite ignored="0" hostname="eHLT-LAP-0037" failures="0" tests="3" name="Default test" time="296.48" errors="0" timestamp="2021-12-16T17:03:49 IST">
  <testcase classname="RMSV2.RMSCustomerPortal.singleProviderRequestExceldata" name="login" time="32.601"/>
  <testcase classname="RMSV2.RMSCustomerPortal.singleProviderRequestExceldata" name="ProviderRequest" time="139.875"/>
  <testcase classname="RMSV2.RMSCustomerPortal.singleProviderRequestExceldata" name="ProviderRequest" time="119.483"/>
</testsuite> <!-- Default test -->
