<?xml version="1.0" encoding="UTF-8"?>
<!-- Generated by org.testng.reporters.JUnitXMLReporter -->
<testsuite ignored="0" hostname="eHLT-LAP-0037" failures="0" tests="2" name="SingleLocation" time="8.855" errors="0" timestamp="2021-11-01T16:55:26 IST">
  <testcase classname="RMSV2.RMSCustomerPortal.singleProviderRequestExceldata" name="@BeforeTest browser" time="8.788">
    <failure type="org.openqa.selenium.WebDriverException" message="chrome not reachable
  (Session info: chrome=95.0.4638.54)
Build info: version: &amp;apos;3.141.59&amp;apos;, revision: &amp;apos;e82be7d358&amp;apos;, time: &amp;apos;2018-11-14T08:17:03&amp;apos;
System info: host: &amp;apos;EHLT-LAP-0037&amp;apos;, ip: &amp;apos;10.30.7.152&amp;apos;, os.name: &amp;apos;Windows 10&amp;apos;, os.arch: &amp;apos;amd64&amp;apos;, os.version: &amp;apos;10.0&amp;apos;, java.version: &amp;apos;16.0.1&amp;apos;
Driver info: org.openqa.selenium.chrome.ChromeDriver
Capabilities {acceptInsecureCerts: false, browserName: chrome, browserVersion: 95.0.4638.54, chrome: {chromedriverVersion: 95.0.4638.17 (a9d0719444d4b..., userDataDir: C:\Users\NAGABA~1.PAR\AppDa...}, goog:chromeOptions: {debuggerAddress: localhost:53001}, javascriptEnabled: true, networkConnectionEnabled: false, pageLoadStrategy: normal, platform: WINDOWS, platformName: WINDOWS, proxy: Proxy(), setWindowRect: true, strictFileInteractability: false, timeouts: {implicit: 0, pageLoad: 300000, script: 30000}, unhandledPromptBehavior: dismiss and notify, webauthn:extension:credBlob: true, webauthn:extension:largeBlob: true, webauthn:virtualAuthenticators: true}
Session ID: d80619276a1632377407331913bfaa9e
*** Element info: {Using=xpath, value=//div[@class=&amp;apos;login-graphic&amp;apos;]}">
      <![CDATA[org.openqa.selenium.WebDriverException: chrome not reachable
  (Session info: chrome=95.0.4638.54)
Build info: version: '3.141.59', revision: 'e82be7d358', time: '2018-11-14T08:17:03'
System info: host: 'EHLT-LAP-0037', ip: '10.30.7.152', os.name: 'Windows 10', os.arch: 'amd64', os.version: '10.0', java.version: '16.0.1'
Driver info: org.openqa.selenium.chrome.ChromeDriver
Capabilities {acceptInsecureCerts: false, browserName: chrome, browserVersion: 95.0.4638.54, chrome: {chromedriverVersion: 95.0.4638.17 (a9d0719444d4b..., userDataDir: C:\Users\NAGABA~1.PAR\AppDa...}, goog:chromeOptions: {debuggerAddress: localhost:53001}, javascriptEnabled: true, networkConnectionEnabled: false, pageLoadStrategy: normal, platform: WINDOWS, platformName: WINDOWS, proxy: Proxy(), setWindowRect: true, strictFileInteractability: false, timeouts: {implicit: 0, pageLoad: 300000, script: 30000}, unhandledPromptBehavior: dismiss and notify, webauthn:extension:credBlob: true, webauthn:extension:largeBlob: true, webauthn:virtualAuthenticators: true}
Session ID: d80619276a1632377407331913bfaa9e
*** Element info: {Using=xpath, value=//div[@class='login-graphic']}
at org.openqa.selenium.remote.http.W3CHttpResponseCodec.createException(W3CHttpResponseCodec.java:187)
at org.openqa.selenium.remote.http.W3CHttpResponseCodec.decode(W3CHttpResponseCodec.java:122)
at org.openqa.selenium.remote.http.W3CHttpResponseCodec.decode(W3CHttpResponseCodec.java:49)
at org.openqa.selenium.remote.HttpCommandExecutor.execute(HttpCommandExecutor.java:158)
at org.openqa.selenium.remote.service.DriverCommandExecutor.execute(DriverCommandExecutor.java:83)
at org.openqa.selenium.remote.RemoteWebDriver.execute(RemoteWebDriver.java:552)
at org.openqa.selenium.remote.RemoteWebDriver.findElement(RemoteWebDriver.java:323)
at org.openqa.selenium.remote.RemoteWebDriver.findElementByXPath(RemoteWebDriver.java:428)
at org.openqa.selenium.By$ByXPath.findElement(By.java:353)
at org.openqa.selenium.remote.RemoteWebDriver.findElement(RemoteWebDriver.java:315)
at org.openqa.selenium.support.pagefactory.DefaultElementLocator.findElement(DefaultElementLocator.java:69)
at org.openqa.selenium.support.pagefactory.internal.LocatingElementHandler.invoke(LocatingElementHandler.java:38)
at jdk.proxy2/jdk.proxy2.$Proxy13.isDisplayed(Unknown Source)
at resources.driverClass.intializedriver(driverClass.java:67)
at RMSV2.RMSCustomerPortal.singleProviderRequestExceldata.browser(singleProviderRequestExceldata.java:22)
... Removed 29 stack frames]]>
    </failure>
  </testcase> <!-- @BeforeTest browser -->
  <testcase classname="RMSV2.RMSCustomerPortal.singleProviderRequestExceldata" name="@AfterTest browserclose" time="-1.63576592633E9">
    <skipped/>
  </testcase> <!-- @AfterTest browserclose -->
  <testcase classname="RMSV2.RMSCustomerPortal.singleProviderRequestExceldata" name="login" time="0.0">
    <skipped/>
  </testcase> <!-- login -->
  <testcase classname="RMSV2.RMSCustomerPortal.singleProviderRequestExceldata" name="PatientDetails" time="0.0">
    <skipped/>
  </testcase> <!-- PatientDetails -->
</testsuite> <!-- SingleLocation -->
