<?xml version="1.0" encoding="UTF-8"?>
<!-- Generated by org.testng.reporters.JUnitXMLReporter -->
<testsuite ignored="0" hostname="eHLT-LAP-0037" failures="0" tests="4" name="IndexOnly" time="722.911" errors="0" timestamp="2021-11-03T13:21:47 IST">
  <testcase classname="RMSV2.RMSCustomerPortal.indexreportrequestExcelData" name="login" time="20.618"/>
  <testcase classname="RMSV2.RMSCustomerPortal.indexreportrequestExcelData" name="IndexOnlyRequest" time="365.344"/>
  <testcase classname="RMSV2.RMSCustomerPortal.indexreportrequestExcelData" name="IndexOnlyRequest" time="122.064"/>
  <testcase classname="RMSV2.RMSCustomerPortal.indexreportrequestExcelData" name="IndexOnlyRequest" time="123.996"/>
</testsuite> <!-- IndexOnly -->
