<?xml version="1.0" encoding="UTF-8"?>
<!-- Generated by org.testng.reporters.JUnitXMLReporter -->
<testsuite ignored="0" hostname="eHLT-LAP-0037" failures="0" tests="5" name="SingleLocation" time="1009.323" errors="0" timestamp="2021-11-03T13:38:37 IST">
  <testcase classname="RMSV2.RMSCustomerPortal.singleProviderRequestExceldata" name="login" time="31.89"/>
  <testcase classname="RMSV2.RMSCustomerPortal.singleProviderRequestExceldata" name="ProviderRequest" time="433.024"/>
  <testcase classname="RMSV2.RMSCustomerPortal.singleProviderRequestExceldata" name="ProviderRequest" time="172.216"/>
  <testcase classname="RMSV2.RMSCustomerPortal.singleProviderRequestExceldata" name="ProviderRequest" time="134.402"/>
  <testcase classname="RMSV2.RMSCustomerPortal.singleProviderRequestExceldata" name="ProviderRequest" time="160.867"/>
</testsuite> <!-- SingleLocation -->
