<?xml version="1.0" encoding="UTF-8"?>
<testsuite xmlns:xsi="http://www.w3.org/2001/XMLSchema-instance" xsi:noNamespaceSchemaLocation="https://maven.apache.org/surefire/maven-surefire-plugin/xsd/surefire-test-report-3.0.xsd" version="3.0" name="TestSuite" time="1,805.821" tests="11" errors="0" skipped="0" failures="0">
  <properties>
[...]
</properties>
  <testcase name="login" classname="RMSV2.RMSCustomerPortal.RMS_Login_out" time="19.628">
    <system-out><![CDATA[login with Creds : Username:Zarif.Mohd & Password:Kick4Thy
RMS customer portal Login is succesfull for user: Welcome Zarif.Mohd
]]></system-out>
    <system-err><![CDATA[Starting ChromeDriver 95.0.4638.17 (a9d0719444d4b035e284ed1fce73bf6ccd789df2-refs/branch-heads/4638@{#178}) on port 26376
Only local connections are allowed.
Please see https://chromedriver.chromium.org/security-considerations for suggestions on keeping ChromeDriver safe.
ChromeDriver was started successfully.
Nov 03, 2021 1:08:33 PM org.openqa.selenium.remote.ProtocolHandshake createSession
INFO: Detected dialect: W3C
]]></system-err>
  </testcase>
  <testcase name="logout" classname="RMSV2.RMSCustomerPortal.RMS_Login_out" time="3.45">
    <system-out><![CDATA[Logout is successful
]]></system-out>
  </testcase>
  <testcase name="login" classname="RMSV2.RMSCustomerPortal.indexreportrequestExcelData" time="20.601">
    <system-out><![CDATA[login with Creds : Username:Zarif.Mohd & Password:Kick4Thy
RMS customer portal Login is succesfull for user: Welcome Zarif.Mohd
]]></system-out>
    <system-err><![CDATA[Starting ChromeDriver 95.0.4638.17 (a9d0719444d4b035e284ed1fce73bf6ccd789df2-refs/branch-heads/4638@{#178}) on port 12491
Only local connections are allowed.
Please see https://chromedriver.chromium.org/security-considerations for suggestions on keeping ChromeDriver safe.
ChromeDriver was started successfully.
Nov 03, 2021 1:09:45 PM org.openqa.selenium.remote.ProtocolHandshake createSession
INFO: Detected dialect: W3C
]]></system-err>
  </testcase>
  <testcase name="IndexOnlyRequest[Naga, 979879879, 1/7/2021, Test, New York, 10001, 9798798797, 11/15/2021, Appointment, Chiranjivi, Konidela, New Patient Consultation, Records](1)" classname="RMSV2.RMSCustomerPortal.indexreportrequestExcelData" time="365.354">
    <system-out><![CDATA[New patient request tab is opened
Checking for existing  Patient profiles
patient profiles tab is opened
Creating a new patient profile
CHOOSE RETRIEVAL OPTIONS Screen is displayed
Retreival options are set and user can upload the files in next screen 
No.of reports uploaded : 1
Provider screen is displayed
Request indexing toggle is off? : true
INDEXING ONLY REQUEST toggle is enabled
Reports For Indexing request is submitted
Records tab page is displayed
Searching the request
Dashboard page is displayed
Searching started
Seacrh completed. No.of patient records found: 1
patient digest page is displayed
Case No for Naga03-11-2021 13-11-35 request is :1504854
]]></system-out>
  </testcase>
  <testcase name="IndexOnlyRequest[Nagi, 979879999, 1/7/2021, Test, New York, 10001, 9798798798, 11/15/2021, Review, Abhinav, Kundra, Follow Up Visit, Records](2)" classname="RMSV2.RMSCustomerPortal.indexreportrequestExcelData" time="122.064">
    <system-out><![CDATA[New patient request tab is opened
Checking for existing  Patient profiles
patient profiles tab is opened
Creating a new patient profile
CHOOSE RETRIEVAL OPTIONS Screen is displayed
Retreival options are set and user can upload the files in next screen 
No.of reports uploaded : 1
Provider screen is displayed
Request indexing toggle is off? : true
INDEXING ONLY REQUEST toggle is enabled
Reports For Indexing request is submitted
Records tab page is displayed
Searching the request
Dashboard page is displayed
Searching started
Seacrh completed. No.of patient records found: 1
patient digest page is displayed
Case No for Nagi03-11-2021 13-17-41 request is :1504855
]]></system-out>
  </testcase>
  <testcase name="IndexOnlyRequest[Anil, 979879888, 1/7/2021, Test, New York, 10001, 9798798799, 11/15/2021, Appointment, Farhan, Akhtar, Patient Evaluation, Records](3)" classname="RMSV2.RMSCustomerPortal.indexreportrequestExcelData" time="123.998">
    <system-out><![CDATA[New patient request tab is opened
Checking for existing  Patient profiles
patient profiles tab is opened
Creating a new patient profile
CHOOSE RETRIEVAL OPTIONS Screen is displayed
Retreival options are set and user can upload the files in next screen 
No.of reports uploaded : 1
Provider screen is displayed
Request indexing toggle is off? : true
INDEXING ONLY REQUEST toggle is enabled
Reports For Indexing request is submitted
Records tab page is displayed
Searching the request
Dashboard page is displayed
Searching started
Seacrh completed. No.of patient records found: 1
patient digest page is displayed
Case No for Anil03-11-2021 13-19-43 request is :1504856
]]></system-out>
  </testcase>
  <testcase name="login" classname="RMSV2.RMSCustomerPortal.singleProviderRequestExceldata" time="31.879">
    <system-out><![CDATA[login with Creds : Username:Zarif.Mohd & Password:Kick4Thy
RMS customer portal Login is succesfull for user: Welcome Zarif.Mohd
]]></system-out>
    <system-err><![CDATA[Starting ChromeDriver 95.0.4638.17 (a9d0719444d4b035e284ed1fce73bf6ccd789df2-refs/branch-heads/4638@{#178}) on port 46273
Only local connections are allowed.
Please see https://chromedriver.chromium.org/security-considerations for suggestions on keeping ChromeDriver safe.
ChromeDriver was started successfully.
Nov 03, 2021 1:21:48 PM org.openqa.selenium.remote.ProtocolHandshake createSession
INFO: Detected dialect: W3C
]]></system-err>
  </testcase>
  <testcase name="ProviderRequest[Naga, 979879879, 1/7/2021, Test, New York, 10001, 9798798797, 11/15/2021, Appointment, Chiranjivi, Konidela, New Patient Consultation, Records, 360 TRUCKING LLC, Illinois, Chicago Ridge, Records Template, , ](1)" classname="RMSV2.RMSCustomerPortal.singleProviderRequestExceldata" time="433.185">
    <system-out><![CDATA[New patient request tab is opened
Checking for existing  Patient profiles
patient profiles tab is opened
Creating a new patient profile
CHOOSE RETRIEVAL OPTIONS Screen is displayed
Retreival options are set and user can upload the files in next screen 
Provider screen is displayed
Waiting fro the recent providers
Template page is displayed
Record template
Records template items loaded
Searching the request
Dashboard page is displayed
Searching started
Seacrh completed. No.of patient records found: 1
patient digest page is displayed
Case No for Naga03-11-2021 13-23-36 request is :1504857
]]></system-out>
  </testcase>
  <testcase name="ProviderRequest[Nagi, 979879999, 1/7/2021, Test, New York, 10001, 9798798798, 11/15/2021, Review, Abhinav, Kundra, Follow Up Visit, Records, 360 TRUCKING LLC, Illinois, Chicago Ridge, , Images template, ](2)" classname="RMSV2.RMSCustomerPortal.singleProviderRequestExceldata" time="172.102">
    <system-out><![CDATA[New patient request tab is opened
Checking for existing  Patient profiles
patient profiles tab is opened
Creating a new patient profile
CHOOSE RETRIEVAL OPTIONS Screen is displayed
Retreival options are set and user can upload the files in next screen 
Provider screen is displayed
Waiting fro the recent providers
Template page is displayed
image template
Image template method
image template items loaded
Searching the request
Dashboard page is displayed
Searching started
Seacrh completed. No.of patient records found: 1
patient digest page is displayed
Case No for Nagi03-11-2021 13-30-49 request is :1504858
]]></system-out>
  </testcase>
  <testcase name="ProviderRequest[Anil, 979879888, 1/7/2021, Test, New York, 10001, 9798798799, 11/15/2021, Appointment, Farhan, Akhtar, Patient Evaluation, Records, 360 TRUCKING LLC, Illinois, Chicago Ridge, , , Pathology template](3)" classname="RMSV2.RMSCustomerPortal.singleProviderRequestExceldata" time="134.426">
    <system-out><![CDATA[New patient request tab is opened
Checking for existing  Patient profiles
patient profiles tab is opened
Creating a new patient profile
CHOOSE RETRIEVAL OPTIONS Screen is displayed
Retreival options are set and user can upload the files in next screen 
Provider screen is displayed
Waiting fro the recent providers
Template page is displayed
path template
pathology template method
Pathology template items loaded
Searching the request
Dashboard page is displayed
Searching started
Seacrh completed. No.of patient records found: 1
patient digest page is displayed
Case No for Anil03-11-2021 13-33-41 request is :1504859
]]></system-out>
  </testcase>
  <testcase name="ProviderRequest[Anand, 979879889, 1/7/2021, Test, New York, 10001, 9798798799, 11/15/2021, Appointment, Farhan, Akhtar, Patient Evaluation, Records, 360 TRUCKING LLC, Illinois, Chicago Ridge, Records Template, Images template, Pathology template](4)" classname="RMSV2.RMSCustomerPortal.singleProviderRequestExceldata" time="160.923">
    <system-out><![CDATA[New patient request tab is opened
Checking for existing  Patient profiles
patient profiles tab is opened
Creating a new patient profile
CHOOSE RETRIEVAL OPTIONS Screen is displayed
Retreival options are set and user can upload the files in next screen 
Provider screen is displayed
Waiting fro the recent providers
Template page is displayed
All templates
Records template items loaded
Image template method
image template items loaded
pathology template method
Pathology template items loaded
Searching the request
Dashboard page is displayed
Searching started
Seacrh completed. No.of patient records found: 1
patient digest page is displayed
Case No for Anand03-11-2021 13-35-55 request is :1504860
]]></system-out>
  </testcase>
</testsuite>