<?xml version="1.0" encoding="UTF-8"?>
<testsuite xmlns:xsi="http://www.w3.org/2001/XMLSchema-instance" xsi:noNamespaceSchemaLocation="https://maven.apache.org/surefire/maven-surefire-plugin/xsd/surefire-test-report-3.0.xsd" version="3.0" name="TestSuite" time="364.255" tests="8" errors="0" skipped="0" failures="0">
  <properties>
[...]
</properties>
  <testcase name="login" classname="RMSV2.RMSCustomerPortal.RMS_Login_out" time="20.423">
    <system-out><![CDATA[login with Creds : Username:ehgt.test4 & Password:Kick4Thy
RMS customer portal Login is succesfull for user: Welcome ehgt.test4
]]></system-out>
    <system-err><![CDATA[Starting ChromeDriver 93.0.4577.63 (ff5c0da2ec0adeaed5550e6c7e98417dac77d98a-refs/branch-heads/4577@{#1135}) on port 11582
Only local connections are allowed.
Please see https://chromedriver.chromium.org/security-considerations for suggestions on keeping ChromeDriver safe.
ChromeDriver was started successfully.
Sep 24, 2021 9:57:17 AM org.openqa.selenium.remote.ProtocolHandshake createSession
INFO: Detected dialect: W3C
Starting ChromeDriver 93.0.4577.63 (ff5c0da2ec0adeaed5550e6c7e98417dac77d98a-refs/branch-heads/4577@{#1135}) on port 9580
Only local connections are allowed.
Please see https://chromedriver.chromium.org/security-considerations for suggestions on keeping ChromeDriver safe.
ChromeDriver was started successfully.
Sep 24, 2021 9:57:31 AM org.openqa.selenium.remote.ProtocolHandshake createSession
INFO: Detected dialect: W3C
]]></system-err>
  </testcase>
  <testcase name="logout" classname="RMSV2.RMSCustomerPortal.RMS_Login_out" time="13.741">
    <system-out><![CDATA[org.openqa.selenium.NoSuchElementException: no such element: Unable to locate element: {"method":"css selector","selector":"#MainContent_lnName"}
  (Session info: chrome=93.0.4577.82)
For documentation on this error, please visit: https://www.seleniumhq.org/exceptions/no_such_element.html
Build info: version: '3.141.59', revision: 'e82be7d358', time: '2018-11-14T08:17:03'
System info: host: 'EHLT-LAP-0037', ip: '10.30.6.13', os.name: 'Windows 10', os.arch: 'amd64', os.version: '10.0', java.version: '11.0.8'
Driver info: org.openqa.selenium.chrome.ChromeDriver
Capabilities {acceptInsecureCerts: false, browserName: chrome, browserVersion: 93.0.4577.82, chrome: {chromedriverVersion: 93.0.4577.63 (ff5c0da2ec0ad..., userDataDir: C:\Users\NAGABA~1.PAR\AppDa...}, goog:chromeOptions: {debuggerAddress: localhost:49958}, javascriptEnabled: true, networkConnectionEnabled: false, pageLoadStrategy: normal, platform: WINDOWS, platformName: WINDOWS, proxy: Proxy(), setWindowRect: true, strictFileInteractability: false, timeouts: {implicit: 0, pageLoad: 300000, script: 30000}, unhandledPromptBehavior: dismiss and notify, webauthn:extension:credBlob: true, webauthn:extension:largeBlob: true, webauthn:virtualAuthenticators: true}
Session ID: 2bf4f8f7ae50485ed5c044f6625c1aa2
*** Element info: {Using=id, value=MainContent_lnName}
]]></system-out>
  </testcase>
  <testcase name="login" classname="RMSV2.RMSCustomerPortal.indexreportrequest" time="48.982">
    <system-out><![CDATA[login with Creds : Username:ehgt.test4 & Password:Kick4Thy
RMS customer portal Login is succesfull for user: Welcome ehgt.test4
]]></system-out>
  </testcase>
  <testcase name="PatientDetails[Autotest , 987456321, 8/4/1990, Times square street, New York, 10001, 9874563121](1)" classname="RMSV2.RMSCustomerPortal.indexreportrequest" time="55.384">
    <system-out><![CDATA[true
New patient request tab is opened
Checking for existing  Patient profiles
patient profiles tab is opened
Creating a new patient profile
CHOOSE RETRIEVAL OPTIONS Screen is displayed
]]></system-out>
  </testcase>
  <testcase name="ChooseRetrievalOptions[9/30/2021, Appointment, Dr.AnandKumar, New Patient Consultation](1)" classname="RMSV2.RMSCustomerPortal.indexreportrequest" time="28.252">
    <system-out><![CDATA[Retreival options are set and user can upload the files in next screen 
]]></system-out>
  </testcase>
  <testcase name="uploadfiles[Records](1)" classname="RMSV2.RMSCustomerPortal.indexreportrequest" time="37.504">
    <system-out><![CDATA[No.of reports uploaded : 1
Provider screen is displayed
]]></system-out>
  </testcase>
  <testcase name="indexOnlyrequest" classname="RMSV2.RMSCustomerPortal.indexreportrequest" time="44.054">
    <system-out><![CDATA[Request indexing toggle is off? : true
INDEXING ONLY REQUEST toggle is enabled
Reports For Indexing request is submitted
]]></system-out>
  </testcase>
  <testcase name="searchrequest" classname="RMSV2.RMSCustomerPortal.indexreportrequest" time="32.575">
    <system-out><![CDATA[Dashboard page is displayed
Seacrh completed. No.of patient records found: 1
patient digest page is displayed
Case no : 1504331
]]></system-out>
  </testcase>
</testsuite>