<?xml version="1.0" encoding="UTF-8"?>
<testng-results ignored="0" total="11" passed="11" failed="0" skipped="0">
  <reporter-output>
  </reporter-output>
  <suite started-at="2021-11-03T13:08:32 IST" name="Suite" finished-at="2021-11-03T13:38:37 IST" duration-ms="1804929">
    <groups>
    </groups>
    <test started-at="2021-11-03T13:08:32 IST" name="Login" finished-at="2021-11-03T13:09:44 IST" duration-ms="72335">
      <class name="RMSV2.RMSCustomerPortal.RMS_Login_out">
        <test-method is-config="true" signature="initialise()[pri:0, instance:RMSV2.RMSCustomerPortal.RMS_Login_out@5b67bb7e]" started-at="2021-11-03T13:08:32 IST" name="initialise" finished-at="2021-11-03T13:09:17 IST" duration-ms="45028" status="PASS">
          <reporter-output>
          </reporter-output>
        </test-method> <!-- initialise -->
        <test-method signature="login()[pri:1, instance:RMSV2.RMSCustomerPortal.RMS_Login_out@5b67bb7e]" started-at="2021-11-03T13:09:17 IST" name="login" finished-at="2021-11-03T13:09:36 IST" duration-ms="19656" status="PASS">
          <reporter-output>
          </reporter-output>
        </test-method> <!-- login -->
        <test-method signature="logout()[pri:2, instance:RMSV2.RMSCustomerPortal.RMS_Login_out@5b67bb7e]" started-at="2021-11-03T13:09:36 IST" name="logout" finished-at="2021-11-03T13:09:40 IST" duration-ms="3450" status="PASS">
          <reporter-output>
          </reporter-output>
        </test-method> <!-- logout -->
        <test-method is-config="true" signature="browserclose()[pri:0, instance:RMSV2.RMSCustomerPortal.RMS_Login_out@5b67bb7e]" started-at="2021-11-03T13:09:40 IST" name="browserclose" finished-at="2021-11-03T13:09:44 IST" duration-ms="4169" status="PASS">
          <reporter-output>
          </reporter-output>
        </test-method> <!-- browserclose -->
      </class> <!-- RMSV2.RMSCustomerPortal.RMS_Login_out -->
    </test> <!-- Login -->
    <test started-at="2021-11-03T13:09:44 IST" name="IndexOnly" finished-at="2021-11-03T13:21:47 IST" duration-ms="722911">
      <class name="RMSV2.RMSCustomerPortal.indexreportrequestExcelData">
        <test-method is-config="true" signature="browser()[pri:0, instance:RMSV2.RMSCustomerPortal.indexreportrequestExcelData@36b4091c]" started-at="2021-11-03T13:09:44 IST" name="browser" finished-at="2021-11-03T13:11:14 IST" duration-ms="89683" status="PASS">
          <reporter-output>
          </reporter-output>
        </test-method> <!-- browser -->
        <test-method signature="login()[pri:1, instance:RMSV2.RMSCustomerPortal.indexreportrequestExcelData@36b4091c]" started-at="2021-11-03T13:11:14 IST" name="login" finished-at="2021-11-03T13:11:35 IST" duration-ms="20618" status="PASS">
          <reporter-output>
          </reporter-output>
        </test-method> <!-- login -->
        <test-method signature="IndexOnlyRequest(java.lang.String,java.lang.String,java.lang.String,java.lang.String,java.lang.String,java.lang.String,java.lang.String,java.lang.String,java.lang.String,java.lang.String,java.lang.String,java.lang.String)[pri:0, instance:RMSV2.RMSCustomerPortal.indexreportrequestExcelData@36b4091c]" started-at="2021-11-03T13:11:35 IST" name="IndexOnlyRequest" data-provider="ExcelData" finished-at="2021-11-03T13:17:41 IST" depends-on-methods="RMSV2.RMSCustomerPortal.indexreportrequestExcelData.login" duration-ms="365344" status="PASS">
          <params>
            <param index="0">
              <value>
                <![CDATA[Naga]]>
              </value>
            </param>
            <param index="1">
              <value>
                <![CDATA[979879879]]>
              </value>
            </param>
            <param index="2">
              <value>
                <![CDATA[1/7/2021]]>
              </value>
            </param>
            <param index="3">
              <value>
                <![CDATA[Test]]>
              </value>
            </param>
            <param index="4">
              <value>
                <![CDATA[New York]]>
              </value>
            </param>
            <param index="5">
              <value>
                <![CDATA[10001]]>
              </value>
            </param>
            <param index="6">
              <value>
                <![CDATA[9798798797]]>
              </value>
            </param>
            <param index="7">
              <value>
                <![CDATA[11/15/2021]]>
              </value>
            </param>
            <param index="8">
              <value>
                <![CDATA[Appointment]]>
              </value>
            </param>
            <param index="9">
              <value>
                <![CDATA[Chiranjivi, Konidela]]>
              </value>
            </param>
            <param index="10">
              <value>
                <![CDATA[New Patient Consultation]]>
              </value>
            </param>
            <param index="11">
              <value>
                <![CDATA[Records]]>
              </value>
            </param>
          </params>
          <reporter-output>
          </reporter-output>
        </test-method> <!-- IndexOnlyRequest -->
        <test-method signature="IndexOnlyRequest(java.lang.String,java.lang.String,java.lang.String,java.lang.String,java.lang.String,java.lang.String,java.lang.String,java.lang.String,java.lang.String,java.lang.String,java.lang.String,java.lang.String)[pri:0, instance:RMSV2.RMSCustomerPortal.indexreportrequestExcelData@36b4091c]" started-at="2021-11-03T13:17:41 IST" name="IndexOnlyRequest" data-provider="ExcelData" finished-at="2021-11-03T13:19:43 IST" depends-on-methods="RMSV2.RMSCustomerPortal.indexreportrequestExcelData.login" duration-ms="122064" status="PASS">
          <params>
            <param index="0">
              <value>
                <![CDATA[Nagi]]>
              </value>
            </param>
            <param index="1">
              <value>
                <![CDATA[979879999]]>
              </value>
            </param>
            <param index="2">
              <value>
                <![CDATA[1/7/2021]]>
              </value>
            </param>
            <param index="3">
              <value>
                <![CDATA[Test]]>
              </value>
            </param>
            <param index="4">
              <value>
                <![CDATA[New York]]>
              </value>
            </param>
            <param index="5">
              <value>
                <![CDATA[10001]]>
              </value>
            </param>
            <param index="6">
              <value>
                <![CDATA[9798798798]]>
              </value>
            </param>
            <param index="7">
              <value>
                <![CDATA[11/15/2021]]>
              </value>
            </param>
            <param index="8">
              <value>
                <![CDATA[Review]]>
              </value>
            </param>
            <param index="9">
              <value>
                <![CDATA[Abhinav, Kundra]]>
              </value>
            </param>
            <param index="10">
              <value>
                <![CDATA[Follow Up Visit]]>
              </value>
            </param>
            <param index="11">
              <value>
                <![CDATA[Records]]>
              </value>
            </param>
          </params>
          <reporter-output>
          </reporter-output>
        </test-method> <!-- IndexOnlyRequest -->
        <test-method signature="IndexOnlyRequest(java.lang.String,java.lang.String,java.lang.String,java.lang.String,java.lang.String,java.lang.String,java.lang.String,java.lang.String,java.lang.String,java.lang.String,java.lang.String,java.lang.String)[pri:0, instance:RMSV2.RMSCustomerPortal.indexreportrequestExcelData@36b4091c]" started-at="2021-11-03T13:19:43 IST" name="IndexOnlyRequest" data-provider="ExcelData" finished-at="2021-11-03T13:21:47 IST" depends-on-methods="RMSV2.RMSCustomerPortal.indexreportrequestExcelData.login" duration-ms="123996" status="PASS">
          <params>
            <param index="0">
              <value>
                <![CDATA[Anil]]>
              </value>
            </param>
            <param index="1">
              <value>
                <![CDATA[979879888]]>
              </value>
            </param>
            <param index="2">
              <value>
                <![CDATA[1/7/2021]]>
              </value>
            </param>
            <param index="3">
              <value>
                <![CDATA[Test]]>
              </value>
            </param>
            <param index="4">
              <value>
                <![CDATA[New York]]>
              </value>
            </param>
            <param index="5">
              <value>
                <![CDATA[10001]]>
              </value>
            </param>
            <param index="6">
              <value>
                <![CDATA[9798798799]]>
              </value>
            </param>
            <param index="7">
              <value>
                <![CDATA[11/15/2021]]>
              </value>
            </param>
            <param index="8">
              <value>
                <![CDATA[Appointment]]>
              </value>
            </param>
            <param index="9">
              <value>
                <![CDATA[Farhan, Akhtar]]>
              </value>
            </param>
            <param index="10">
              <value>
                <![CDATA[Patient Evaluation]]>
              </value>
            </param>
            <param index="11">
              <value>
                <![CDATA[Records]]>
              </value>
            </param>
          </params>
          <reporter-output>
          </reporter-output>
        </test-method> <!-- IndexOnlyRequest -->
        <test-method is-config="true" signature="browserclose()[pri:0, instance:RMSV2.RMSCustomerPortal.indexreportrequestExcelData@36b4091c]" started-at="2021-11-03T13:21:47 IST" name="browserclose" finished-at="2021-11-03T13:21:47 IST" duration-ms="456" status="PASS">
          <reporter-output>
          </reporter-output>
        </test-method> <!-- browserclose -->
      </class> <!-- RMSV2.RMSCustomerPortal.indexreportrequestExcelData -->
    </test> <!-- IndexOnly -->
    <test started-at="2021-11-03T13:21:47 IST" name="SingleLocation" finished-at="2021-11-03T13:38:37 IST" duration-ms="1009323">
      <class name="RMSV2.RMSCustomerPortal.singleProviderRequestExceldata">
        <test-method is-config="true" signature="browser()[pri:0, instance:RMSV2.RMSCustomerPortal.singleProviderRequestExceldata@7e5c856f]" started-at="2021-11-03T13:21:47 IST" name="browser" finished-at="2021-11-03T13:23:04 IST" duration-ms="76410" status="PASS">
          <reporter-output>
          </reporter-output>
        </test-method> <!-- browser -->
        <test-method signature="login()[pri:1, instance:RMSV2.RMSCustomerPortal.singleProviderRequestExceldata@7e5c856f]" started-at="2021-11-03T13:23:04 IST" name="login" finished-at="2021-11-03T13:23:36 IST" duration-ms="31890" status="PASS">
          <reporter-output>
          </reporter-output>
        </test-method> <!-- login -->
        <test-method signature="ProviderRequest(java.lang.String,java.lang.String,java.lang.String,java.lang.String,java.lang.String,java.lang.String,java.lang.String,java.lang.String,java.lang.String,java.lang.String,java.lang.String,java.lang.String,java.lang.String,java.lang.String,java.lang.String,java.lang.String,java.lang.String,java.lang.String)[pri:0, instance:RMSV2.RMSCustomerPortal.singleProviderRequestExceldata@7e5c856f]" started-at="2021-11-03T13:23:36 IST" name="ProviderRequest" data-provider="ExcelData" finished-at="2021-11-03T13:30:49 IST" depends-on-methods="RMSV2.RMSCustomerPortal.singleProviderRequestExceldata.login" duration-ms="433024" status="PASS">
          <params>
            <param index="0">
              <value>
                <![CDATA[Naga]]>
              </value>
            </param>
            <param index="1">
              <value>
                <![CDATA[979879879]]>
              </value>
            </param>
            <param index="2">
              <value>
                <![CDATA[1/7/2021]]>
              </value>
            </param>
            <param index="3">
              <value>
                <![CDATA[Test]]>
              </value>
            </param>
            <param index="4">
              <value>
                <![CDATA[New York]]>
              </value>
            </param>
            <param index="5">
              <value>
                <![CDATA[10001]]>
              </value>
            </param>
            <param index="6">
              <value>
                <![CDATA[9798798797]]>
              </value>
            </param>
            <param index="7">
              <value>
                <![CDATA[11/15/2021]]>
              </value>
            </param>
            <param index="8">
              <value>
                <![CDATA[Appointment]]>
              </value>
            </param>
            <param index="9">
              <value>
                <![CDATA[Chiranjivi, Konidela]]>
              </value>
            </param>
            <param index="10">
              <value>
                <![CDATA[New Patient Consultation]]>
              </value>
            </param>
            <param index="11">
              <value>
                <![CDATA[Records]]>
              </value>
            </param>
            <param index="12">
              <value>
                <![CDATA[360 TRUCKING LLC]]>
              </value>
            </param>
            <param index="13">
              <value>
                <![CDATA[Illinois]]>
              </value>
            </param>
            <param index="14">
              <value>
                <![CDATA[Chicago Ridge]]>
              </value>
            </param>
            <param index="15">
              <value>
                <![CDATA[Records Template]]>
              </value>
            </param>
            <param index="16">
              <value>
                <![CDATA[]]>
              </value>
            </param>
            <param index="17">
              <value>
                <![CDATA[]]>
              </value>
            </param>
          </params>
          <reporter-output>
          </reporter-output>
        </test-method> <!-- ProviderRequest -->
        <test-method signature="ProviderRequest(java.lang.String,java.lang.String,java.lang.String,java.lang.String,java.lang.String,java.lang.String,java.lang.String,java.lang.String,java.lang.String,java.lang.String,java.lang.String,java.lang.String,java.lang.String,java.lang.String,java.lang.String,java.lang.String,java.lang.String,java.lang.String)[pri:0, instance:RMSV2.RMSCustomerPortal.singleProviderRequestExceldata@7e5c856f]" started-at="2021-11-03T13:30:49 IST" name="ProviderRequest" data-provider="ExcelData" finished-at="2021-11-03T13:33:41 IST" depends-on-methods="RMSV2.RMSCustomerPortal.singleProviderRequestExceldata.login" duration-ms="172216" status="PASS">
          <params>
            <param index="0">
              <value>
                <![CDATA[Nagi]]>
              </value>
            </param>
            <param index="1">
              <value>
                <![CDATA[979879999]]>
              </value>
            </param>
            <param index="2">
              <value>
                <![CDATA[1/7/2021]]>
              </value>
            </param>
            <param index="3">
              <value>
                <![CDATA[Test]]>
              </value>
            </param>
            <param index="4">
              <value>
                <![CDATA[New York]]>
              </value>
            </param>
            <param index="5">
              <value>
                <![CDATA[10001]]>
              </value>
            </param>
            <param index="6">
              <value>
                <![CDATA[9798798798]]>
              </value>
            </param>
            <param index="7">
              <value>
                <![CDATA[11/15/2021]]>
              </value>
            </param>
            <param index="8">
              <value>
                <![CDATA[Review]]>
              </value>
            </param>
            <param index="9">
              <value>
                <![CDATA[Abhinav, Kundra]]>
              </value>
            </param>
            <param index="10">
              <value>
                <![CDATA[Follow Up Visit]]>
              </value>
            </param>
            <param index="11">
              <value>
                <![CDATA[Records]]>
              </value>
            </param>
            <param index="12">
              <value>
                <![CDATA[360 TRUCKING LLC]]>
              </value>
            </param>
            <param index="13">
              <value>
                <![CDATA[Illinois]]>
              </value>
            </param>
            <param index="14">
              <value>
                <![CDATA[Chicago Ridge]]>
              </value>
            </param>
            <param index="15">
              <value>
                <![CDATA[]]>
              </value>
            </param>
            <param index="16">
              <value>
                <![CDATA[Images template]]>
              </value>
            </param>
            <param index="17">
              <value>
                <![CDATA[]]>
              </value>
            </param>
          </params>
          <reporter-output>
          </reporter-output>
        </test-method> <!-- ProviderRequest -->
        <test-method signature="ProviderRequest(java.lang.String,java.lang.String,java.lang.String,java.lang.String,java.lang.String,java.lang.String,java.lang.String,java.lang.String,java.lang.String,java.lang.String,java.lang.String,java.lang.String,java.lang.String,java.lang.String,java.lang.String,java.lang.String,java.lang.String,java.lang.String)[pri:0, instance:RMSV2.RMSCustomerPortal.singleProviderRequestExceldata@7e5c856f]" started-at="2021-11-03T13:33:41 IST" name="ProviderRequest" data-provider="ExcelData" finished-at="2021-11-03T13:35:55 IST" depends-on-methods="RMSV2.RMSCustomerPortal.singleProviderRequestExceldata.login" duration-ms="134402" status="PASS">
          <params>
            <param index="0">
              <value>
                <![CDATA[Anil]]>
              </value>
            </param>
            <param index="1">
              <value>
                <![CDATA[979879888]]>
              </value>
            </param>
            <param index="2">
              <value>
                <![CDATA[1/7/2021]]>
              </value>
            </param>
            <param index="3">
              <value>
                <![CDATA[Test]]>
              </value>
            </param>
            <param index="4">
              <value>
                <![CDATA[New York]]>
              </value>
            </param>
            <param index="5">
              <value>
                <![CDATA[10001]]>
              </value>
            </param>
            <param index="6">
              <value>
                <![CDATA[9798798799]]>
              </value>
            </param>
            <param index="7">
              <value>
                <![CDATA[11/15/2021]]>
              </value>
            </param>
            <param index="8">
              <value>
                <![CDATA[Appointment]]>
              </value>
            </param>
            <param index="9">
              <value>
                <![CDATA[Farhan, Akhtar]]>
              </value>
            </param>
            <param index="10">
              <value>
                <![CDATA[Patient Evaluation]]>
              </value>
            </param>
            <param index="11">
              <value>
                <![CDATA[Records]]>
              </value>
            </param>
            <param index="12">
              <value>
                <![CDATA[360 TRUCKING LLC]]>
              </value>
            </param>
            <param index="13">
              <value>
                <![CDATA[Illinois]]>
              </value>
            </param>
            <param index="14">
              <value>
                <![CDATA[Chicago Ridge]]>
              </value>
            </param>
            <param index="15">
              <value>
                <![CDATA[]]>
              </value>
            </param>
            <param index="16">
              <value>
                <![CDATA[]]>
              </value>
            </param>
            <param index="17">
              <value>
                <![CDATA[Pathology template]]>
              </value>
            </param>
          </params>
          <reporter-output>
          </reporter-output>
        </test-method> <!-- ProviderRequest -->
        <test-method signature="ProviderRequest(java.lang.String,java.lang.String,java.lang.String,java.lang.String,java.lang.String,java.lang.String,java.lang.String,java.lang.String,java.lang.String,java.lang.String,java.lang.String,java.lang.String,java.lang.String,java.lang.String,java.lang.String,java.lang.String,java.lang.String,java.lang.String)[pri:0, instance:RMSV2.RMSCustomerPortal.singleProviderRequestExceldata@7e5c856f]" started-at="2021-11-03T13:35:55 IST" name="ProviderRequest" data-provider="ExcelData" finished-at="2021-11-03T13:38:36 IST" depends-on-methods="RMSV2.RMSCustomerPortal.singleProviderRequestExceldata.login" duration-ms="160867" status="PASS">
          <params>
            <param index="0">
              <value>
                <![CDATA[Anand]]>
              </value>
            </param>
            <param index="1">
              <value>
                <![CDATA[979879889]]>
              </value>
            </param>
            <param index="2">
              <value>
                <![CDATA[1/7/2021]]>
              </value>
            </param>
            <param index="3">
              <value>
                <![CDATA[Test]]>
              </value>
            </param>
            <param index="4">
              <value>
                <![CDATA[New York]]>
              </value>
            </param>
            <param index="5">
              <value>
                <![CDATA[10001]]>
              </value>
            </param>
            <param index="6">
              <value>
                <![CDATA[9798798799]]>
              </value>
            </param>
            <param index="7">
              <value>
                <![CDATA[11/15/2021]]>
              </value>
            </param>
            <param index="8">
              <value>
                <![CDATA[Appointment]]>
              </value>
            </param>
            <param index="9">
              <value>
                <![CDATA[Farhan, Akhtar]]>
              </value>
            </param>
            <param index="10">
              <value>
                <![CDATA[Patient Evaluation]]>
              </value>
            </param>
            <param index="11">
              <value>
                <![CDATA[Records]]>
              </value>
            </param>
            <param index="12">
              <value>
                <![CDATA[360 TRUCKING LLC]]>
              </value>
            </param>
            <param index="13">
              <value>
                <![CDATA[Illinois]]>
              </value>
            </param>
            <param index="14">
              <value>
                <![CDATA[Chicago Ridge]]>
              </value>
            </param>
            <param index="15">
              <value>
                <![CDATA[Records Template]]>
              </value>
            </param>
            <param index="16">
              <value>
                <![CDATA[Images template]]>
              </value>
            </param>
            <param index="17">
              <value>
                <![CDATA[Pathology template]]>
              </value>
            </param>
          </params>
          <reporter-output>
          </reporter-output>
        </test-method> <!-- ProviderRequest -->
        <test-method is-config="true" signature="browserclose()[pri:0, instance:RMSV2.RMSCustomerPortal.singleProviderRequestExceldata@7e5c856f]" started-at="2021-11-03T13:38:36 IST" name="browserclose" finished-at="2021-11-03T13:38:37 IST" duration-ms="466" status="PASS">
          <reporter-output>
          </reporter-output>
        </test-method> <!-- browserclose -->
      </class> <!-- RMSV2.RMSCustomerPortal.singleProviderRequestExceldata -->
    </test> <!-- SingleLocation -->
  </suite> <!-- Suite -->
</testng-results>
