<?xml version="1.0" encoding="UTF-8"?>
<!-- Generated by org.testng.reporters.JUnitXMLReporter -->
<testsuite ignored="0" hostname="eHLT-LAP-0037" failures="0" tests="8" name="Test" time="363.095" errors="0" timestamp="2021-09-24T10:03:19 IST">
  <testcase classname="RMSV2.RMSCustomerPortal.RMS_Login_out" name="login" time="20.478"/>
  <testcase classname="RMSV2.RMSCustomerPortal.RMS_Login_out" name="logout" time="13.732"/>
  <testcase classname="RMSV2.RMSCustomerPortal.indexreportrequest" name="login" time="48.98"/>
  <testcase classname="RMSV2.RMSCustomerPortal.indexreportrequest" name="PatientDetails" time="55.379"/>
  <testcase classname="RMSV2.RMSCustomerPortal.indexreportrequest" name="ChooseRetrievalOptions" time="28.253"/>
  <testcase classname="RMSV2.RMSCustomerPortal.indexreportrequest" name="uploadfiles" time="37.502"/>
  <testcase classname="RMSV2.RMSCustomerPortal.indexreportrequest" name="indexOnlyrequest" time="44.053"/>
  <testcase classname="RMSV2.RMSCustomerPortal.indexreportrequest" name="searchrequest" time="32.572"/>
</testsuite> <!-- Test -->
