<?xml version="1.0" encoding="UTF-8"?>
<testng-results ignored="0" total="3" passed="3" failed="0" skipped="0">
  <reporter-output>
  </reporter-output>
  <suite started-at="2021-12-16T16:58:53 IST" name="Default suite" finished-at="2021-12-16T17:03:49 IST" duration-ms="296480">
    <groups>
    </groups>
    <test started-at="2021-12-16T16:58:53 IST" name="Default test" finished-at="2021-12-16T17:03:49 IST" duration-ms="296480">
      <class name="RMSV2.RMSCustomerPortal.singleProviderRequestExceldata">
        <test-method is-config="true" signature="browser()[pri:0, instance:RMSV2.RMSCustomerPortal.singleProviderRequestExceldata@272113c4]" started-at="2021-12-16T16:58:53 IST" name="browser" finished-at="2021-12-16T16:58:56 IST" duration-ms="2904" status="PASS">
          <reporter-output>
          </reporter-output>
        </test-method> <!-- browser -->
        <test-method signature="login(java.lang.String,java.lang.String,java.lang.String)[pri:1, instance:RMSV2.RMSCustomerPortal.singleProviderRequestExceldata@272113c4]" started-at="2021-12-16T16:58:57 IST" name="login" data-provider="RMSAccess" finished-at="2021-12-16T16:59:29 IST" duration-ms="32601" status="PASS">
          <params>
            <param index="0">
              <value>
                <![CDATA[http://rmstest.ehealthcorp.net:8020/Default.aspx]]>
              </value>
            </param>
            <param index="1">
              <value>
                <![CDATA[Zarif.mohd]]>
              </value>
            </param>
            <param index="2">
              <value>
                <![CDATA[Zarif@mohd]]>
              </value>
            </param>
          </params>
          <reporter-output>
          </reporter-output>
        </test-method> <!-- login -->
        <test-method signature="ProviderRequest(java.lang.String,java.lang.String,java.lang.String,java.lang.String,java.lang.String,java.lang.String,java.lang.String,java.lang.String,java.lang.String,java.lang.String)[pri:0, instance:RMSV2.RMSCustomerPortal.singleProviderRequestExceldata@272113c4]" started-at="2021-12-16T16:59:30 IST" name="ProviderRequest" data-provider="ExcelData" finished-at="2021-12-16T17:01:50 IST" depends-on-methods="RMSV2.RMSCustomerPortal.singleProviderRequestExceldata.login" duration-ms="139875" status="PASS">
          <params>
            <param index="0">
              <value>
                <![CDATA[12/20/2021]]>
              </value>
            </param>
            <param index="1">
              <value>
                <![CDATA[Chiranjivi, Konidela]]>
              </value>
            </param>
            <param index="2">
              <value>
                <![CDATA[]]>
              </value>
            </param>
            <param index="3">
              <value>
                <![CDATA[Records]]>
              </value>
            </param>
            <param index="4">
              <value>
                <![CDATA[360 TRUCKING LLC]]>
              </value>
            </param>
            <param index="5">
              <value>
                <![CDATA[Illinois]]>
              </value>
            </param>
            <param index="6">
              <value>
                <![CDATA[Chicago Ridge]]>
              </value>
            </param>
            <param index="7">
              <value>
                <![CDATA[Records Template]]>
              </value>
            </param>
            <param index="8">
              <value>
                <![CDATA[Images template]]>
              </value>
            </param>
            <param index="9">
              <value>
                <![CDATA[Pathology template]]>
              </value>
            </param>
          </params>
          <reporter-output>
          </reporter-output>
        </test-method> <!-- ProviderRequest -->
        <test-method signature="ProviderRequest(java.lang.String,java.lang.String,java.lang.String,java.lang.String,java.lang.String,java.lang.String,java.lang.String,java.lang.String,java.lang.String,java.lang.String)[pri:0, instance:RMSV2.RMSCustomerPortal.singleProviderRequestExceldata@272113c4]" started-at="2021-12-16T17:01:50 IST" name="ProviderRequest" data-provider="ExcelData" finished-at="2021-12-16T17:03:49 IST" depends-on-methods="RMSV2.RMSCustomerPortal.singleProviderRequestExceldata.login" duration-ms="119483" status="PASS">
          <params>
            <param index="0">
              <value>
                <![CDATA[12/21/2021]]>
              </value>
            </param>
            <param index="1">
              <value>
                <![CDATA[Abhinav, Kundra]]>
              </value>
            </param>
            <param index="2">
              <value>
                <![CDATA[]]>
              </value>
            </param>
            <param index="3">
              <value>
                <![CDATA[Records]]>
              </value>
            </param>
            <param index="4">
              <value>
                <![CDATA[360 TRUCKING LLC]]>
              </value>
            </param>
            <param index="5">
              <value>
                <![CDATA[Illinois]]>
              </value>
            </param>
            <param index="6">
              <value>
                <![CDATA[Chicago Ridge]]>
              </value>
            </param>
            <param index="7">
              <value>
                <![CDATA[Records Template]]>
              </value>
            </param>
            <param index="8">
              <value>
                <![CDATA[Images template]]>
              </value>
            </param>
            <param index="9">
              <value>
                <![CDATA[Pathology template]]>
              </value>
            </param>
          </params>
          <reporter-output>
          </reporter-output>
        </test-method> <!-- ProviderRequest -->
      </class> <!-- RMSV2.RMSCustomerPortal.singleProviderRequestExceldata -->
    </test> <!-- Default test -->
  </suite> <!-- Default suite -->
</testng-results>
